<?xml version="1.0" encoding="UTF-8"?>
<!-- Generated by org.testng.reporters.JUnitReportReporter -->
<testsuite skipped="1" hostname="IS04" name="tests.DDT.UserRegistrationTestWithDDTAND_DataProvider" tests="17" failures="0" timestamp="26 Feb 2019 10:58:48 GMT" time="71.093" errors="0">
  <testcase name="userCanRegisterSuccessfully" time="3.356" classname="tests.DDT.UserRegistrationTestWithDDTAND_DataProvider"/>
  <testcase name="userCanRegisterSuccessfully" time="4.015" classname="tests.DDT.UserRegistrationTestWithDDTAND_DataProvider"/>
  <testcase name="userCanRegisterSuccessfully" time="3.383" classname="tests.DDT.UserRegistrationTestWithDDTAND_DataProvider"/>
  <testcase name="userCanRegisterSuccessfully" time="3.463" classname="tests.DDT.UserRegistrationTestWithDDTAND_DataProvider"/>
  <testcase name="userCanRegisterSuccessfully" time="4.040" classname="tests.DDT.UserRegistrationTestWithDDTAND_DataProvider"/>
  <testcase name="userCanRegisterSuccessfully" time="4.094" classname="tests.DDT.UserRegistrationTestWithDDTAND_DataProvider"/>
  <testcase name="userCanRegisterSuccessfully" time="3.262" classname="tests.DDT.UserRegistrationTestWithDDTAND_DataProvider"/>
  <testcase name="userCanRegisterSuccessfully" time="3.680" classname="tests.DDT.UserRegistrationTestWithDDTAND_DataProvider"/>
  <testcase name="userCanRegisterSuccessfully" time="4.357" classname="tests.DDT.UserRegistrationTestWithDDTAND_DataProvider"/>
  <testcase name="userCanRegisterSuccessfully" time="5.123" classname="tests.DDT.UserRegistrationTestWithDDTAND_DataProvider"/>
  <testcase name="userCanRegisterSuccessfully" time="11.774" classname="tests.DDT.UserRegistrationTestWithDDTAND_DataProvider"/>
  <testcase name="userCanRegisterSuccessfully" time="3.639" classname="tests.DDT.UserRegistrationTestWithDDTAND_DataProvider"/>
  <testcase name="userCanRegisterSuccessfully" time="5.960" classname="tests.DDT.UserRegistrationTestWithDDTAND_DataProvider"/>
  <testcase name="userCanRegisterSuccessfully" time="3.869" classname="tests.DDT.UserRegistrationTestWithDDTAND_DataProvider"/>
  <testcase name="userCanRegisterSuccessfully" time="3.466" classname="tests.DDT.UserRegistrationTestWithDDTAND_DataProvider"/>
  <testcase name="userCanRegisterSuccessfully" time="3.612" classname="tests.DDT.UserRegistrationTestWithDDTAND_DataProvider"/>
  <testcase name="registerdUserCanLogin" classname="tests.DDT.UserRegistrationTestWithDDTAND_DataProvider">
    <skipped/>
  </testcase> <!-- registerdUserCanLogin -->
</testsuite> <!-- tests.DDT.UserRegistrationTestWithDDTAND_DataProvider -->
