<?xml version="1.0" encoding="UTF-8"?>
<!-- Generated by org.testng.reporters.JUnitReportReporter -->
<testsuite skipped="0" hostname="IS04" name="tests.AddTOcomparelist_Test" tests="2" failures="0" timestamp="25 Feb 2019 15:06:52 GMT" time="34.855" errors="0">
  <testcase name="TestCompare" time="0.020" classname="tests.AddTOcomparelist_Test"/>
  <testcase name="testWishList" time="34.835" classname="tests.AddTOcomparelist_Test"/>
</testsuite> <!-- tests.AddTOcomparelist_Test -->
