<?xml version="1.0" encoding="UTF-8"?>
<!-- Generated by org.testng.reporters.JUnitReportReporter -->
<testsuite skipped="1" hostname="IS04" name="tests.SearchProduct_Test" tests="2" failures="0" timestamp="21 Feb 2019 11:55:09 GMT" time="7.623" errors="0">
  <testcase name="TestSearchSuggest" time="7.623" classname="tests.SearchProduct_Test"/>
  <testcase name="testProduct" classname="tests.SearchProduct_Test">
    <skipped/>
  </testcase> <!-- testProduct -->
</testsuite> <!-- tests.SearchProduct_Test -->
