<?xml version="1.0" encoding="UTF-8"?>
<!-- Generated by org.testng.reporters.JUnitReportReporter -->
<testsuite skipped="0" hostname="IS04" name="tests.Chane_CurrencyTest" tests="1" failures="0" timestamp="24 Feb 2019 12:18:14 GMT" time="6.673" errors="0">
  <testcase name="TestChangeCurrency" time="6.673" classname="tests.Chane_CurrencyTest"/>
</testsuite> <!-- tests.Chane_CurrencyTest -->
