<?xml version="1.0" encoding="UTF-8"?>
<!-- Generated by org.testng.reporters.JUnitReportReporter -->
<testsuite skipped="0" hostname="IS04" name="tests.SearchProductUsingAutoSuggest" tests="1" failures="0" timestamp="21 Feb 2019 12:20:35 GMT" time="7.569" errors="0">
  <testcase name="TestSearchSuggest" time="7.569" classname="tests.SearchProductUsingAutoSuggest"/>
</testsuite> <!-- tests.SearchProductUsingAutoSuggest -->
