<?xml version="1.0" encoding="UTF-8"?>
<!-- Generated by org.testng.reporters.JUnitReportReporter -->
<testsuite skipped="0" hostname="IS04" name="tests.UserRegistrationTest" tests="3" failures="0" timestamp="26 Feb 2019 07:36:49 GMT" time="7.016" errors="0">
  <testcase name="registerdUserCanLogin" time="2.198" classname="tests.UserRegistrationTest"/>
  <testcase name="userCanLogout" time="1.718" classname="tests.UserRegistrationTest"/>
  <testcase name="userCanRegisterSuccessfully" time="3.100" classname="tests.UserRegistrationTest"/>
</testsuite> <!-- tests.UserRegistrationTest -->
