<?xml version="1.0" encoding="UTF-8"?>
<!-- Generated by org.testng.reporters.JUnitReportReporter -->
<testsuite skipped="0" hostname="IS04" name="tests.ContactUsTest" tests="1" failures="0" timestamp="24 Feb 2019 10:32:21 GMT" time="2.832" errors="0">
  <testcase name="userCanUseContactUS" time="2.832" classname="tests.ContactUsTest"/>
</testsuite> <!-- tests.ContactUsTest -->
