<?xml version="1.0" encoding="UTF-8"?>
<!-- Generated by org.testng.reporters.JUnitReportReporter -->
<testsuite skipped="0" hostname="IS04" name="tests.AddProductReviewTest" tests="1" failures="0" timestamp="24 Feb 2019 13:45:06 GMT" time="45.737" errors="0">
  <testcase name="testProduct" time="45.737" classname="tests.AddProductReviewTest"/>
</testsuite> <!-- tests.AddProductReviewTest -->
