<?xml version="1.0" encoding="UTF-8"?>
<!-- Generated by org.testng.reporters.JUnitReportReporter -->
<testsuite skipped="0" hostname="IS04" name="tests.WishListTest" tests="1" failures="0" timestamp="25 Feb 2019 09:50:53 GMT" time="56.124" errors="0">
  <testcase name="testWishList" time="56.124" classname="tests.WishListTest"/>
</testsuite> <!-- tests.WishListTest -->
